
**** Clean-only build of configuration Debug for project sys-chk ****

make clean 
rm -rf  ./nvidia/nvidia-info.o  ./XF86Config-parser/DRI.o ./XF86Config-parser/Device.o ./XF86Config-parser/Extensions.o ./XF86Config-parser/Files.o ./XF86Config-parser/Flags.o ./XF86Config-parser/Generate.o ./XF86Config-parser/Input.o ./XF86Config-parser/Keyboard.o ./XF86Config-parser/Layout.o ./XF86Config-parser/Merge.o ./XF86Config-parser/Module.o ./XF86Config-parser/Monitor.o ./XF86Config-parser/Pointer.o ./XF86Config-parser/Read.o ./XF86Config-parser/Scan.o ./XF86Config-parser/Screen.o ./XF86Config-parser/Util.o ./XF86Config-parser/Vendor.o ./XF86Config-parser/Video.o ./XF86Config-parser/Write.o  ./check-3g.o ./check-display.o ./check-eth.o ./check-hardware.o ./check-system.o ./common.o ./main.o  ./nvidia/nvidia-info.d  ./XF86Config-parser/DRI.d ./XF86Config-parser/Device.d ./XF86Config-parser/Extensions.d ./XF86Config-parser/Files.d ./XF86Config-parser/Flags.d ./XF86Config-parser/Generate.d ./XF86Config-parser/Input.d ./XF86Config-parser/Keyboard.d ./XF86Config-parser/Layout.d ./XF86Config-parser/Merge.d ./XF86Config-parser/Module.d ./XF86Config-parser/Monitor.d ./XF86Config-parser/Pointer.d ./XF86Config-parser/Read.d ./XF86Config-parser/Scan.d ./XF86Config-parser/Screen.d ./XF86Config-parser/Util.d ./XF86Config-parser/Vendor.d ./XF86Config-parser/Video.d ./XF86Config-parser/Write.d  ./check-3g.d ./check-display.d ./check-eth.d ./check-hardware.d ./check-system.d ./common.d ./main.d  system-check
 

**** Build Finished ****

**** Build of configuration Debug for project sys-chk ****

make all 
Building file: ../nvidia/nvidia-info.c
Invoking: GCC C Compiler
gcc -O0 -g -Wall -c -fmessage-length=0 -MMD -MP -MF"nvidia/nvidia-info.d" -MT"nvidia/nvidia-info.d" -o "nvidia/nvidia-info.o" "../nvidia/nvidia-info.c"
In file included from ../nvidia/nvidia-info.h:4,
                 from ../nvidia/nvidia-info.c:1:
../nvidia/../common.h:14:22: warning: sys/klog.h: No such file or directory
In file included from ../nvidia/../common.h:18,
                 from ../nvidia/nvidia-info.h:4,
                 from ../nvidia/nvidia-info.c:1:
/usr/include/net/if.h:300: error: field 'ifru_addr' has incomplete type
/usr/include/net/if.h:301: error: field 'ifru_dstaddr' has incomplete type
/usr/include/net/if.h:302: error: field 'ifru_broadaddr' has incomplete type
/usr/include/net/if.h:346: error: field 'ifra_addr' has incomplete type
/usr/include/net/if.h:347: error: field 'ifra_broadaddr' has incomplete type
/usr/include/net/if.h:348: error: field 'ifra_mask' has incomplete type
/usr/include/net/if.h:431: error: field 'addr' has incomplete type
/usr/include/net/if.h:432: error: field 'dstaddr' has incomplete type
../nvidia/../common.h:24:24: warning: sys/statfs.h: No such file or directory
../nvidia/../common.h:28:25: warning: sys/sysinfo.h: No such file or directory
../nvidia/../common.h:30:18: warning: nvml.h: No such file or directory
In file included from ../nvidia/nvidia-info.c:1:
../nvidia/nvidia-info.h:8: error: expected specifier-qualifier-list before 'nvmlDevice_t'
../nvidia/nvidia-info.c: In function 'getNVCardInfo':
../nvidia/nvidia-info.c:5: error: 'nvmlReturn_t' undeclared (first use in this function)
../nvidia/nvidia-info.c:5: error: (Each undeclared identifier is reported only once
../nvidia/nvidia-info.c:5: error: for each function it appears in.)
../nvidia/nvidia-info.c:5: error: expected ';' before 'result'
../nvidia/nvidia-info.c:9: error: 'result' undeclared (first use in this function)
../nvidia/nvidia-info.c:9: warning: implicit declaration of function 'nvmlInit'
../nvidia/nvidia-info.c:10: error: 'NVML_SUCCESS' undeclared (first use in this function)
../nvidia/nvidia-info.c:16: warning: implicit declaration of function 'nvmlDeviceGetCount'
../nvidia/nvidia-info.c:29: error: 'nvmlDevice_t' undeclared (first use in this function)
../nvidia/nvidia-info.c:29: error: expected ';' before 'device'
../nvidia/nvidia-info.c:31: error: 'nvmlPciInfo_t' undeclared (first use in this function)
../nvidia/nvidia-info.c:31: error: expected ';' before 'pci'
../nvidia/nvidia-info.c:32: error: 'nvmlMemory_t' undeclared (first use in this function)
../nvidia/nvidia-info.c:32: error: expected ';' before 'memory'
../nvidia/nvidia-info.c:34: warning: implicit declaration of function 'nvmlDeviceGetHandleByIndex'
../nvidia/nvidia-info.c:34: error: 'device' undeclared (first use in this function)
../nvidia/nvidia-info.c:40: warning: implicit declaration of function 'nvmlDeviceGetName'
../nvidia/nvidia-info.c:46: error: 'struct nvCardInfo' has no member named 'name'
../nvidia/nvidia-info.c:46: error: 'struct nvCardInfo' has no member named 'name'
../nvidia/nvidia-info.c:46: error: 'struct nvCardInfo' has no member named 'name'
../nvidia/nvidia-info.c:46: error: 'struct nvCardInfo' has no member named 'name'
../nvidia/nvidia-info.c:46: error: 'struct nvCardInfo' has no member named 'name'
../nvidia/nvidia-info.c:46: error: 'struct nvCardInfo' has no member named 'name'
../nvidia/nvidia-info.c:48: warning: implicit declaration of function 'nvmlDeviceGetPciInfo'
../nvidia/nvidia-info.c:48: error: 'pci' undeclared (first use in this function)
../nvidia/nvidia-info.c:54: error: 'struct nvCardInfo' has no member named 'pci'
../nvidia/nvidia-info.c:54: error: 'struct nvCardInfo' has no member named 'pci'
../nvidia/nvidia-info.c:54: error: 'struct nvCardInfo' has no member named 'pci'
../nvidia/nvidia-info.c:54: error: 'struct nvCardInfo' has no member named 'pci'
../nvidia/nvidia-info.c:54: error: 'struct nvCardInfo' has no member named 'pci'
../nvidia/nvidia-info.c:54: error: 'struct nvCardInfo' has no member named 'pci'
../nvidia/nvidia-info.c:56: warning: implicit declaration of function 'nvmlDeviceGetTemperature'
../nvidia/nvidia-info.c:56: error: 'NVML_TEMPERATURE_GPU' undeclared (first use in this function)
../nvidia/nvidia-info.c:62: error: 'struct nvCardInfo' has no member named 'temperature'
../nvidia/nvidia-info.c:64: warning: implicit declaration of function 'nvmlDeviceGetMemoryInfo'
../nvidia/nvidia-info.c:64: error: 'memory' undeclared (first use in this function)
../nvidia/nvidia-info.c:70: error: 'struct nvCardInfo' has no member named 'gpu_memory'
../nvidia/nvidia-info.c:70: error: 'struct nvCardInfo' has no member named 'gpu_memory'
../nvidia/nvidia-info.c:70: error: 'struct nvCardInfo' has no member named 'gpu_memory'
../nvidia/nvidia-info.c:70: error: 'struct nvCardInfo' has no member named 'gpu_memory'
../nvidia/nvidia-info.c:70: error: 'struct nvCardInfo' has no member named 'gpu_memory'
../nvidia/nvidia-info.c:70: error: 'struct nvCardInfo' has no member named 'gpu_memory'
../nvidia/nvidia-info.c:73: warning: implicit declaration of function 'nvmlShutdown'
make: *** [nvidia/nvidia-info.o] Error 1

**** Build Finished ****
01:42:55 **** Build of configuration Default for project memChecker ****
make all 
g++ -c -O2 -DMEM_DEBUG -g MemRecord.cpp 
In file included from MemRecord.cpp:21:
./memRecord.h:41:19: error: use of undeclared identifier 'FILENAME_LENGTH'
        char m_szMsgPath[FILENAME_LENGTH];      
                         ^
./memRecord.h:48:17: error: use of undeclared identifier 'FILENAME_LENGTH'
        char            Filename[FILENAME_LENGTH];       
                                 ^
./memRecord.h:56:6: warning: 'operator delete' is missing exception specification 'throw()'
void operator delete(void *ptr);
     ^
                                throw()
/Applications/Xcode.app/Contents/Developer/Toolchains/XcodeDefault.xctoolchain/usr/bin/../lib/c++/v1/new:133:30: note: previous declaration is here
_LIBCPP_NEW_DELETE_VIS void  operator delete(void* __p) _NOEXCEPT;
                             ^
In file included from MemRecord.cpp:21:
./memRecord.h:57:6: warning: 'operator delete[]' is missing exception specification 'throw()'
void operator delete[](void *ptr);
     ^
                                  throw()
/Applications/Xcode.app/Contents/Developer/Toolchains/XcodeDefault.xctoolchain/usr/bin/../lib/c++/v1/new:142:30: note: previous declaration is here
_LIBCPP_NEW_DELETE_VIS void  operator delete[](void* __p) _NOEXCEPT;
                             ^
In file included from MemRecord.cpp:21:
./memRecord.h:62:25: error: use of undeclared identifier 'FILENAME_LENGTH'
extern char DELETE_FILE[FILENAME_LENGTH];
                        ^
MemRecord.cpp:27:1: error: unknown type name 'memRecord'
memRecord appMemory;
^
MemRecord.cpp:79:18: error: no member named 'Filename' in 'MemOperation'; did you mean 'fileName'?
                strncpy(record.Filename, pszFileName, FILENAME_LENGTH - 1);
                               ^~~~~~~~
                               fileName
./memCheckHeader.h:20:15: note: 'fileName' declared here
    char                    fileName[ FILENAME_LEN ];
                            ^
MemRecord.cpp:79:41: error: use of undeclared identifier 'FILENAME_LENGTH'
                strncpy(record.Filename, pszFileName, FILENAME_LENGTH - 1);
                                                      ^
MemRecord.cpp:80:10: error: no member named 'LineNum' in 'MemOperation'; did you mean 'lineNum'?
                record.LineNum = nLineNum;
                       ^~~~~~~
                       lineNum
./memCheckHeader.h:21:19: note: 'lineNum' declared here
    unsigned long       lineNum;
                        ^
MemRecord.cpp:81:10: error: no member named 'AllocSize' in 'MemOperation'
                record.AllocSize = nSize;
                ~~~~~~ ^
MemRecord.cpp:82:10: error: no member named 'OperationType' in 'MemOperation'
                record.OperationType = SINGLE_NEW;
                ~~~~~~ ^
MemRecord.cpp:83:10: error: no member named 'errCode' in 'MemOperation'
                record.errCode = 0;
                ~~~~~~ ^
MemRecord.cpp:84:10: error: no member named 'pBuffer' in 'MemOperation'
                record.pBuffer = pResult;
                ~~~~~~ ^
MemRecord.cpp:99:18: error: no member named 'Filename' in 'MemOperation'; did you mean 'fileName'?
                strncpy(record.Filename, pszFileName, FILENAME_LENGTH - 1);
                               ^~~~~~~~
                               fileName
./memCheckHeader.h:20:15: note: 'fileName' declared here
    char                    fileName[ FILENAME_LEN ];
                            ^
MemRecord.cpp:99:41: error: use of undeclared identifier 'FILENAME_LENGTH'
                strncpy(record.Filename, pszFileName, FILENAME_LENGTH - 1);
                                                      ^
MemRecord.cpp:100:10: error: no member named 'LineNum' in 'MemOperation'; did you mean 'lineNum'?
                record.LineNum = nLineNum;
                       ^~~~~~~
                       lineNum
./memCheckHeader.h:21:19: note: 'lineNum' declared here
    unsigned long       lineNum;
                        ^
MemRecord.cpp:101:10: error: no member named 'AllocSize' in 'MemOperation'
                record.AllocSize = nSize;
                ~~~~~~ ^
MemRecord.cpp:102:10: error: no member named 'OperationType' in 'MemOperation'
                record.OperationType = ARRAY_NEW;
                ~~~~~~ ^
MemRecord.cpp:103:10: error: no member named 'errCode' in 'MemOperation'
                record.errCode = 0;
                ~~~~~~ ^
MemRecord.cpp:104:10: error: no member named 'pBuffer' in 'MemOperation'
                record.pBuffer = pResult;
                ~~~~~~ ^
MemRecord.cpp:111:6: warning: 'operator delete' is missing exception specification 'throw()'
void operator delete(void *ptr) {
     ^
                                throw()
./memRecord.h:56:6: note: previous declaration is here
void operator delete(void *ptr);
     ^
MemRecord.cpp:113:10: error: no member named 'Unlock' in 'SemMutex'; did you mean 'unlock'?
                g_lock.Unlock();
                       ^~~~~~
                       unlock
./semMutex.h:20:7: note: 'unlock' declared here
        void unlock();
             ^
fatal error: too many errors emitted, stopping now [-ferror-limit=]
3 warnings and 20 errors generated.
make: *** [MemRecord.o] Error 1
