#
# A fatal error has been detected by the Java Runtime Environment:
#
#  SIGSEGV (0xb) at pc=0x000000010dcc5500, pid=12802, tid=1287
#
# JRE version: Java(TM) SE Runtime Environment (7.0_51-b13) (build 1.7.0_51-b13)
# Java VM: Java HotSpot(TM) 64-Bit Server VM (24.51-b03 mixed mode bsd-amd64 compressed oops)
# Problematic frame:
# V  [libjvm.dylib+0x30a500]  get_method_id(JNIEnv_*, _jclass*, char const*, char const*, bool, Thread*)+0x90
#
# Failed to write core dump. Core dumps have been disabled. To enable core dumping, try "ulimit -c unlimited" before starting Java again
#
# If you would like to submit a bug report, please visit:
#   http://bugreport.sun.com/bugreport/crash.jsp
#

---------------  T H R E A D  ---------------

Current thread (0x00007fc82c006000):  JavaThread "main" [_thread_in_vm, id=1287, stack(0x00007fff521ce000,0x00007fff5224e000)]

siginfo:si_signo=SIGSEGV: si_errno=0, si_code=1 (SEGV_MAPERR), si_addr=0x0000000000000000

Registers:
RAX=0x000000019b7ea2a0, RBX=0x00007fc82c006000, RCX=0x0000000000000028, RDX=0x0000000000000000
RSP=0x00007fff5224d8e0, RBP=0x00007fff5224d930, RSI=0x000000010d9b2f49, RDI=0x000000019b7ea2a0
R8 =0x000000003231c38a, R9 =0x00007fc82c006000, R10=0x00000000ea0abcc9, R11=0x00000000f6096ad7
R12=0x000000019b7e84f0, R13=0x00007fc82c006000, R14=0x000000019b7ea2a0, R15=0x0000000000000000
RIP=0x000000010dcc5500, EFLAGS=0x0000000000010206, ERR=0x0000000000000004
  TRAPNO=0x000000000000000e

Top of Stack: (sp=0x00007fff5224d8e0)
0x00007fff5224d8e0:   01007fff5224d910 000000010d9b2f44
0x00007fff5224d8f0:   000000019b7ea2a0 000000019b7e84f0
0x00007fff5224d900:   3231c38a003305b9 000000010d9b2f49
0x00007fff5224d910:   00007fc82c0061e8 00007fc82c006000
0x00007fff5224d920:   000000010d9b2f44 0000000000000000
0x00007fff5224d930:   00007fff5224d9a0 000000010dcbc132
0x00007fff5224d940:   0000000000000000 00007fc82c006000
0x00007fff5224d950:   00007fc82b509660 00000000000001d1
0x00007fff5224d960:   000000010df32bdb 00007fc82c006000
0x00007fff5224d970:   00007fc82c006000 0000000000000000
0x00007fff5224d980:   0000000000000000 0000000000000000
0x00007fff5224d990:   0000000000000000 0000000000000000
0x00007fff5224d9a0:   00007fff5224dab0 000000010d9b2d61
0x00007fff5224d9b0:   0000000000000000 0000000000000000
0x00007fff5224d9c0:   0000000000000000 0000000000000000
0x00007fff5224d9d0:   0000000000000000 0000000000000000
0x00007fff5224d9e0:   0000000000000000 0000000000000000
0x00007fff5224d9f0:   0000000000000000 000000010d9b2f44
0x00007fff5224da00:   000000010d9b2f49 000000010dcb525a
0x00007fff5224da10:   00007fff5224da78 00007fff5224da98
0x00007fff5224da20:   00007fff5224da60 00007fff5224da90
0x00007fff5224da30:   00007fff5224daa0 00007fff6b57f27b
0x00007fff5224da40:   00007fff5224dab8 00007fff5224dab8
0x00007fff5224da50:   0000000000000000 000000005224dad0
0x00007fff5224da60:   000000010d9b2f1e 0000000e00000000
0x00007fff5224da70:   00007fff5224dae0 0000000100010006
0x00007fff5224da80:   00007fff5224da60 0000000000000001
0x00007fff5224da90:   000000010e11ef98 00007fc82c0061e8
0x00007fff5224daa0:   000000005224dac0 2700f2f13cef6324
0x00007fff5224dab0:   00007fff5224dac0 00007fff8d8ad5fd
0x00007fff5224dac0:   0000000000000000 0000000000000001
0x00007fff5224dad0:   00007fff5224dbd8 0000000000000000 

Instructions: (pc=0x000000010dcc5500)
0x000000010dcc54e0:   89 f7 e8 13 25 1b 00 48 89 45 c0 4d 85 e4 0f 84
0x000000010dcc54f0:   73 01 00 00 49 89 c6 4d 85 f6 0f 84 67 01 00 00
0x000000010dcc5500:   49 8b 3f e8 6a e4 fc ff 84 c0 74 1f 4c 8d 35 3d
0x000000010dcc5510:   58 51 00 49 8b 8e f0 03 00 00 48 8d 35 9e 81 25 

Register to memory mapping:

RAX=0x000000019b7ea2a0 is an unknown value
RBX=0x00007fc82c006000 is a thread
RCX=0x0000000000000028 is an unknown value
RDX=0x0000000000000000 is an unknown value
RSP=0x00007fff5224d8e0 is pointing into the stack for thread: 0x00007fc82c006000
RBP=0x00007fff5224d930 is pointing into the stack for thread: 0x00007fc82c006000
RSI=0x000000010d9b2f49: main+0x309 in /Users/sijiewang/Projects/exercise/cpp/InvocationApi/./invocationApi at 0x000000010d9b2000
RDI=0x000000019b7ea2a0 is an unknown value
R8 =0x000000003231c38a is an unknown value
R9 =0x00007fc82c006000 is a thread
R10=0x00000000ea0abcc9 is an unknown value
R11=0x00000000f6096ad7 is an unknown value
R12=0x000000019b7e84f0 is an unknown value
R13=0x00007fc82c006000 is a thread
R14=0x000000019b7ea2a0 is an unknown value
R15=0x0000000000000000 is an unknown value


Stack: [0x00007fff521ce000,0x00007fff5224e000],  sp=0x00007fff5224d8e0,  free space=510k
Native frames: (J=compiled Java code, j=interpreted, Vv=VM code, C=native code)
V  [libjvm.dylib+0x30a500]  get_method_id(JNIEnv_*, _jclass*, char const*, char const*, bool, Thread*)+0x90
V  [libjvm.dylib+0x301132]  jni_GetStaticMethodID+0x81
C  [invocationApi+0xd61]  main+0x121
C  [libdyld.dylib+0x35fd]  start+0x1


---------------  P R O C E S S  ---------------

Java Threads: ( => current thread )
  0x00007fc82c04f000 JavaThread "Service Thread" daemon [_thread_blocked, id=15619, stack(0x000000019d010000,0x000000019d110000)]
  0x00007fc82c04e000 JavaThread "C2 CompilerThread1" daemon [_thread_blocked, id=15107, stack(0x000000019cf0d000,0x000000019d00d000)]
  0x00007fc82b827800 JavaThread "C2 CompilerThread0" daemon [_thread_blocked, id=14595, stack(0x000000019ce0a000,0x000000019cf0a000)]
  0x00007fc82c042000 JavaThread "Signal Dispatcher" daemon [_thread_blocked, id=14083, stack(0x000000019cd07000,0x000000019ce07000)]
  0x00007fc82c040800 JavaThread "Finalizer" daemon [_thread_blocked, id=8195, stack(0x000000019c63b000,0x000000019c73b000)]
  0x00007fc82b816800 JavaThread "Reference Handler" daemon [_thread_blocked, id=7683, stack(0x000000019c538000,0x000000019c638000)]
=>0x00007fc82c006000 JavaThread "main" [_thread_in_vm, id=1287, stack(0x00007fff521ce000,0x00007fff5224e000)]

Other Threads:
  0x00007fc82b816000 VMThread [stack: 0x000000019c435000,0x000000019c535000] [id=7171]
  0x00007fc82b829000 WatcherThread [stack: 0x000000019d113000,0x000000019d213000] [id=16131]

VM state:not at safepoint (normal execution)

VM Mutex/Monitor currently owned by a thread: None

Heap
 PSYoungGen      total 38912K, used 1351K [0x000000016bd00000, 0x000000016e800000, 0x0000000196800000)
  eden space 33792K, 4% used [0x000000016bd00000,0x000000016be51fa0,0x000000016de00000)
  from space 5120K, 0% used [0x000000016e300000,0x000000016e300000,0x000000016e800000)
  to   space 5120K, 0% used [0x000000016de00000,0x000000016de00000,0x000000016e300000)
 ParOldGen       total 87040K, used 0K [0x0000000116800000, 0x000000011bd00000, 0x000000016bd00000)
  object space 87040K, 0% used [0x0000000116800000,0x0000000116800000,0x000000011bd00000)
 PSPermGen       total 21504K, used 2524K [0x0000000111600000, 0x0000000112b00000, 0x0000000116800000)
  object space 21504K, 11% used [0x0000000111600000,0x0000000111877120,0x0000000112b00000)

Card table byte_map: [0x0000000196800000,0x0000000196c2a000] byte_map_base: 0x0000000195f75000

Polling page: 0x000000010d9b9000

Code Cache  [0x000000010e48a000, 0x000000010e6fa000, 0x000000011148a000)
 total_blobs=180 nmethods=2 adapters=133 free_code_cache=48770Kb largest_free_block=49924800

Compilation events (4 events):
Event: 0.103 Thread 0x00007fc82b827800    1             java.lang.String::hashCode (55 bytes)
Event: 0.112 Thread 0x00007fc82b827800 nmethod 1 0x000000010e4ea150 code [0x000000010e4ea2a0, 0x000000010e4ea418]
Event: 0.113 Thread 0x00007fc82c04e000    2             java.lang.String::indexOf (70 bytes)
Event: 0.116 Thread 0x00007fc82c04e000 nmethod 2 0x000000010e4e9d50 code [0x000000010e4e9ea0, 0x000000010e4ea048]

GC Heap History (0 events):
No events

Deoptimization events (0 events):
No events

Internal exceptions (10 events):
Event: 0.118 Thread 0x00007fc82c006000 Threw 0x000000016bd94910 at /HUDSON/workspace/7u-2-build-macosx-x86_64/jdk7u51/527/hotspot/src/share/vm/prims/jvm.cpp:1244
Event: 0.119 Thread 0x00007fc82c006000 Threw 0x000000016bd955d0 at /HUDSON/workspace/7u-2-build-macosx-x86_64/jdk7u51/527/hotspot/src/share/vm/prims/jni.cpp:717
Event: 0.119 Thread 0x00007fc82c006000 Threw 0x000000016bd956f0 at /HUDSON/workspace/7u-2-build-macosx-x86_64/jdk7u51/527/hotspot/src/share/vm/prims/jvm.cpp:1244
Event: 0.119 Thread 0x00007fc82c006000 Threw 0x000000016bd95818 at /HUDSON/workspace/7u-2-build-macosx-x86_64/jdk7u51/527/hotspot/src/share/vm/prims/jvm.cpp:1244
Event: 0.121 Thread 0x00007fc82c006000 Threw 0x000000016bda81c8 at /HUDSON/workspace/7u-2-build-macosx-x86_64/jdk7u51/527/hotspot/src/share/vm/prims/jni.cpp:717
Event: 0.121 Thread 0x00007fc82c006000 Threw 0x000000016bda82e8 at /HUDSON/workspace/7u-2-build-macosx-x86_64/jdk7u51/527/hotspot/src/share/vm/prims/jvm.cpp:1244
Event: 0.121 Thread 0x00007fc82c006000 Threw 0x000000016bda8410 at /HUDSON/workspace/7u-2-build-macosx-x86_64/jdk7u51/527/hotspot/src/share/vm/prims/jvm.cpp:1244
Event: 0.122 Thread 0x00007fc82c006000 Threw 0x000000016bda8660 at /HUDSON/workspace/7u-2-build-macosx-x86_64/jdk7u51/527/hotspot/src/share/vm/prims/jvm.cpp:1244
Event: 0.125 Thread 0x00007fc82c006000 Threw 0x000000016bdac9e0 at /HUDSON/workspace/7u-2-build-macosx-x86_64/jdk7u51/527/hotspot/src/share/vm/classfile/classFileParser.cpp:3102
Event: 0.125 Thread 0x00007fc82c006000 Threw 0x000000016bdac9e0 at /HUDSON/workspace/7u-2-build-macosx-x86_64/jdk7u51/527/hotspot/src/share/vm/prims/jvm.cpp:1248

Events (10 events):
Event: 0.124 loading class 0x00007fc82c051f90
Event: 0.124 loading class 0x00007fc82c051f90 done
Event: 0.124 loading class 0x000000019b83dd70
Event: 0.124 loading class 0x000000019b83dd70 done
Event: 0.124 loading class 0x000000019b83dda0
Event: 0.125 loading class 0x000000019b83dda0 done
Event: 0.125 loading class 0x000000019b80abc0
Event: 0.125 loading class 0x000000019b80abc0 done
Event: 0.125 loading class 0x000000019b7e7390
Event: 0.125 loading class 0x000000019b7e7390 done


Dynamic libraries:
0x000000010d9bb000 	/Library/Java/JavaVirtualMachines/jdk1.7.0_51.jdk/Contents/Home/jre/lib/server/libjvm.dylib
0x000000000ad26000 	/usr/lib/libSystem.B.dylib
0x000000000ad26000 	/usr/lib/libstdc++.6.dylib
0x000000000ad26000 	/usr/lib/system/libcache.dylib
0x000000000ad26000 	/usr/lib/system/libcommonCrypto.dylib
0x000000000ad26000 	/usr/lib/system/libcompiler_rt.dylib
0x000000000ad26000 	/usr/lib/system/libcopyfile.dylib
0x000000000ad26000 	/usr/lib/system/libcorecrypto.dylib
0x000000000ad26000 	/usr/lib/system/libdispatch.dylib
0x000000000ad26000 	/usr/lib/system/libdyld.dylib
0x000000000ad26000 	/usr/lib/system/libkeymgr.dylib
0x000000000ad26000 	/usr/lib/system/liblaunch.dylib
0x000000000ad26000 	/usr/lib/system/libmacho.dylib
0x000000000ad26000 	/usr/lib/system/libquarantine.dylib
0x000000000ad26000 	/usr/lib/system/libremovefile.dylib
0x000000000ad26000 	/usr/lib/system/libsystem_asl.dylib
0x000000000ad26000 	/usr/lib/system/libsystem_blocks.dylib
0x000000000ad26000 	/usr/lib/system/libsystem_c.dylib
0x000000000ad26000 	/usr/lib/system/libsystem_configuration.dylib
0x000000000ad26000 	/usr/lib/system/libsystem_dnssd.dylib
0x000000000ad26000 	/usr/lib/system/libsystem_info.dylib
0x000000000ad26000 	/usr/lib/system/libsystem_kernel.dylib
0x000000000ad26000 	/usr/lib/system/libsystem_m.dylib
0x000000000ad26000 	/usr/lib/system/libsystem_malloc.dylib
0x000000000ad26000 	/usr/lib/system/libsystem_network.dylib
0x000000000ad26000 	/usr/lib/system/libsystem_notify.dylib
0x000000000ad26000 	/usr/lib/system/libsystem_platform.dylib
0x000000000ad26000 	/usr/lib/system/libsystem_pthread.dylib
0x000000000ad26000 	/usr/lib/system/libsystem_sandbox.dylib
0x000000000ad26000 	/usr/lib/system/libsystem_stats.dylib
0x000000000ad26000 	/usr/lib/system/libunc.dylib
0x000000000ad26000 	/usr/lib/system/libunwind.dylib
0x000000000ad26000 	/usr/lib/system/libxpc.dylib
0x000000000ad26000 	/usr/lib/libobjc.A.dylib
0x000000000ad26000 	/usr/lib/libauto.dylib
0x000000000ad26000 	/usr/lib/libc++abi.dylib
0x000000000ad26000 	/usr/lib/libc++.1.dylib
0x000000000ad26000 	/usr/lib/libDiagnosticMessagesClient.dylib
0x000000010e43c000 	/Library/Java/JavaVirtualMachines/jdk1.7.0_51.jdk/Contents/Home/jre/lib/libverify.dylib
0x000000010e449000 	/Library/Java/JavaVirtualMachines/jdk1.7.0_51.jdk/Contents/Home/jre/lib/libjava.dylib
0x000000000ad26000 	/System/Library/Frameworks/CoreFoundation.framework/Versions/A/CoreFoundation
0x000000000ad26000 	/System/Library/Frameworks/Security.framework/Versions/A/Security
0x000000000ad26000 	/System/Library/Frameworks/SystemConfiguration.framework/Versions/A/SystemConfiguration
0x000000000ad26000 	/usr/lib/libicucore.A.dylib
0x000000000ad26000 	/usr/lib/libz.1.dylib
0x000000000ad26000 	/usr/lib/libbsm.0.dylib
0x000000000ad26000 	/usr/lib/libxar.1.dylib
0x000000000ad26000 	/usr/lib/libsqlite3.dylib
0x000000000ad26000 	/usr/lib/libpam.2.dylib
0x000000000ad26000 	/usr/lib/libOpenScriptingUtil.dylib
0x000000000ad26000 	/usr/lib/libbz2.1.0.dylib
0x000000000ad26000 	/usr/lib/libxml2.2.dylib
0x000000010e481000 	/Library/Java/JavaVirtualMachines/jdk1.7.0_51.jdk/Contents/Home/jre/lib/libzip.dylib
0x000000019c73d000 	/System/Library/Frameworks/JavaVM.framework/Frameworks/JavaRuntimeSupport.framework/JavaRuntimeSupport
0x000000000ad26000 	/System/Library/Frameworks/QuartzCore.framework/Versions/A/QuartzCore
0x000000000ad26000 	/System/Library/Frameworks/ApplicationServices.framework/Versions/A/ApplicationServices
0x000000019c755000 	/System/Library/Frameworks/JavaVM.framework/Versions/A/Frameworks/JavaNativeFoundation.framework/Versions/A/JavaNativeFoundation
0x000000019c76a000 	/System/Library/Frameworks/JavaVM.framework/Versions/A/JavaVM
0x000000000ad26000 	/System/Library/PrivateFrameworks/CoreUI.framework/Versions/A/CoreUI
0x000000000ad26000 	/System/Library/Frameworks/Cocoa.framework/Versions/A/Cocoa
0x000000000ad26000 	/System/Library/Frameworks/Carbon.framework/Versions/A/Carbon
0x000000000ad26000 	/System/Library/PrivateFrameworks/CoreSymbolication.framework/Versions/A/CoreSymbolication
0x000000000ad26000 	/System/Library/Frameworks/CoreServices.framework/Versions/A/CoreServices
0x000000000ad26000 	/System/Library/Frameworks/Foundation.framework/Versions/C/Foundation
0x000000000ad26000 	/System/Library/Frameworks/AppKit.framework/Versions/C/AppKit
0x000000000ad26000 	/System/Library/Frameworks/OpenGL.framework/Versions/A/OpenGL
0x000000000ad26000 	/System/Library/Frameworks/IOKit.framework/Versions/A/IOKit
0x000000000ad26000 	/System/Library/Frameworks/CoreVideo.framework/Versions/A/CoreVideo
0x000000000ad26000 	/System/Library/Frameworks/QuartzCore.framework/Versions/A/Frameworks/CoreImage.framework/Versions/A/CoreImage
0x000000000ad26000 	/System/Library/Frameworks/QuartzCore.framework/Versions/A/Frameworks/ScalableUserInterface.framework/Versions/A/ScalableUserInterface
0x000000000ad26000 	/System/Library/Frameworks/IOSurface.framework/Versions/A/IOSurface
0x000000000ad26000 	/System/Library/Frameworks/Accelerate.framework/Versions/A/Accelerate
0x000000000ad26000 	/System/Library/Frameworks/ImageIO.framework/Versions/A/ImageIO
0x000000000ad26000 	/System/Library/Frameworks/CoreGraphics.framework/Versions/A/CoreGraphics
0x000000000ad26000 	/System/Library/Frameworks/CoreText.framework/Versions/A/CoreText
0x000000000ad26000 	/System/Library/Frameworks/OpenGL.framework/Versions/A/Libraries/libGLU.dylib
0x000000000ad26000 	/System/Library/Frameworks/OpenGL.framework/Versions/A/Libraries/libGFXShared.dylib
0x000000000ad26000 	/System/Library/Frameworks/OpenGL.framework/Versions/A/Libraries/libGL.dylib
0x000000000ad26000 	/System/Library/Frameworks/ApplicationServices.framework/Versions/A/Frameworks/ATS.framework/Versions/A/ATS
0x000000000ad26000 	/System/Library/Frameworks/ApplicationServices.framework/Versions/A/Frameworks/ColorSync.framework/Versions/A/ColorSync
0x000000000ad26000 	/System/Library/Frameworks/ApplicationServices.framework/Versions/A/Frameworks/HIServices.framework/Versions/A/HIServices
0x000000000ad26000 	/System/Library/Frameworks/ApplicationServices.framework/Versions/A/Frameworks/LangAnalysis.framework/Versions/A/LangAnalysis
0x000000000ad26000 	/System/Library/Frameworks/ApplicationServices.framework/Versions/A/Frameworks/PrintCore.framework/Versions/A/PrintCore
0x000000000ad26000 	/System/Library/Frameworks/ApplicationServices.framework/Versions/A/Frameworks/QD.framework/Versions/A/QD
0x000000000ad26000 	/System/Library/Frameworks/ApplicationServices.framework/Versions/A/Frameworks/SpeechSynthesis.framework/Versions/A/SpeechSynthesis
0x000000000ad26000 	/usr/lib/system/libkxld.dylib
0x000000000ad26000 	/System/Library/Frameworks/CFNetwork.framework/Versions/A/CFNetwork
0x000000000ad26000 	/System/Library/Frameworks/CoreServices.framework/Versions/A/Frameworks/CarbonCore.framework/Versions/A/CarbonCore
0x000000000ad26000 	/System/Library/Frameworks/CoreServices.framework/Versions/A/Frameworks/Metadata.framework/Versions/A/Metadata
0x000000000ad26000 	/System/Library/Frameworks/CoreServices.framework/Versions/A/Frameworks/OSServices.framework/Versions/A/OSServices
0x000000000ad26000 	/System/Library/Frameworks/CoreServices.framework/Versions/A/Frameworks/SearchKit.framework/Versions/A/SearchKit
0x000000000ad26000 	/System/Library/Frameworks/CoreServices.framework/Versions/A/Frameworks/AE.framework/Versions/A/AE
0x000000000ad26000 	/System/Library/Frameworks/CoreServices.framework/Versions/A/Frameworks/LaunchServices.framework/Versions/A/LaunchServices
0x000000000ad26000 	/System/Library/Frameworks/CoreServices.framework/Versions/A/Frameworks/DictionaryServices.framework/Versions/A/DictionaryServices
0x000000000ad26000 	/System/Library/Frameworks/DiskArbitration.framework/Versions/A/DiskArbitration
0x000000000ad26000 	/System/Library/Frameworks/NetFS.framework/Versions/A/NetFS
0x000000000ad26000 	/System/Library/PrivateFrameworks/NetAuth.framework/Versions/A/NetAuth
0x000000000ad26000 	/usr/lib/liblangid.dylib
0x000000000ad26000 	/usr/lib/libCRFSuite.dylib
0x000000000ad26000 	/System/Library/PrivateFrameworks/DataDetectorsCore.framework/Versions/A/DataDetectorsCore
0x000000000ad26000 	/System/Library/PrivateFrameworks/TCC.framework/Versions/A/TCC
0x000000000ad26000 	/System/Library/Frameworks/OpenDirectory.framework/Versions/A/Frameworks/CFOpenDirectory.framework/Versions/A/CFOpenDirectory
0x000000000ad26000 	/System/Library/Frameworks/ServiceManagement.framework/Versions/A/ServiceManagement
0x000000000ad26000 	/usr/lib/libxslt.1.dylib
0x000000000ad26000 	/System/Library/Frameworks/Accelerate.framework/Versions/A/Frameworks/vImage.framework/Versions/A/vImage
0x000000000ad26000 	/System/Library/Frameworks/Accelerate.framework/Versions/A/Frameworks/vecLib.framework/Versions/A/vecLib
0x000000000ad26000 	/System/Library/Frameworks/Accelerate.framework/Versions/A/Frameworks/vecLib.framework/Versions/A/libvDSP.dylib
0x000000000ad26000 	/System/Library/Frameworks/Accelerate.framework/Versions/A/Frameworks/vecLib.framework/Versions/A/libvMisc.dylib
0x000000000ad26000 	/System/Library/Frameworks/Accelerate.framework/Versions/A/Frameworks/vecLib.framework/Versions/A/libLAPACK.dylib
0x000000000ad26000 	/System/Library/Frameworks/Accelerate.framework/Versions/A/Frameworks/vecLib.framework/Versions/A/libBLAS.dylib
0x000000000ad26000 	/System/Library/Frameworks/ApplicationServices.framework/Versions/A/Frameworks/ATS.framework/Versions/A/Resources/libFontParser.dylib
0x000000000ad26000 	/System/Library/Frameworks/ApplicationServices.framework/Versions/A/Frameworks/ATS.framework/Versions/A/Resources/libFontRegistry.dylib
0x000000000ad26000 	/System/Library/Frameworks/ImageIO.framework/Versions/A/Resources/libJPEG.dylib
0x000000000ad26000 	/System/Library/Frameworks/ImageIO.framework/Versions/A/Resources/libTIFF.dylib
0x000000000ad26000 	/System/Library/Frameworks/ImageIO.framework/Versions/A/Resources/libPng.dylib
0x000000000ad26000 	/System/Library/Frameworks/ImageIO.framework/Versions/A/Resources/libGIF.dylib
0x000000000ad26000 	/System/Library/Frameworks/ImageIO.framework/Versions/A/Resources/libJP2.dylib
0x000000000ad26000 	/System/Library/Frameworks/ImageIO.framework/Versions/A/Resources/libRadiance.dylib
0x000000000ad26000 	/usr/lib/libcups.2.dylib
0x000000000ad26000 	/System/Library/Frameworks/Kerberos.framework/Versions/A/Kerberos
0x000000000ad26000 	/System/Library/Frameworks/GSS.framework/Versions/A/GSS
0x000000000ad26000 	/usr/lib/libresolv.9.dylib
0x000000000ad26000 	/usr/lib/libiconv.2.dylib
0x000000000ad26000 	/System/Library/PrivateFrameworks/Heimdal.framework/Versions/A/Heimdal
0x000000000ad26000 	/System/Library/PrivateFrameworks/TrustEvaluationAgent.framework/Versions/A/TrustEvaluationAgent
0x000000000ad26000 	/usr/lib/libheimdal-asn1.dylib
0x000000000ad26000 	/System/Library/Frameworks/OpenDirectory.framework/Versions/A/OpenDirectory
0x000000000ad26000 	/System/Library/PrivateFrameworks/CommonAuth.framework/Versions/A/CommonAuth
0x000000000ad26000 	/System/Library/Frameworks/SecurityFoundation.framework/Versions/A/SecurityFoundation
0x000000000ad26000 	/System/Library/Frameworks/CoreAudio.framework/Versions/A/CoreAudio
0x000000000ad26000 	/System/Library/Frameworks/AudioToolbox.framework/Versions/A/AudioToolbox
0x000000000ad26000 	/System/Library/Frameworks/OpenGL.framework/Versions/A/Libraries/libGLImage.dylib
0x000000000ad26000 	/System/Library/Frameworks/OpenGL.framework/Versions/A/Libraries/libCVMSPluginSupport.dylib
0x000000000ad26000 	/System/Library/Frameworks/OpenGL.framework/Versions/A/Libraries/libCoreVMClient.dylib
0x000000000ad26000 	/System/Library/PrivateFrameworks/FaceCore.framework/Versions/A/FaceCore
0x000000000ad26000 	/System/Library/PrivateFrameworks/CrashReporterSupport.framework/Versions/A/CrashReporterSupport
0x000000000ad26000 	/System/Library/Frameworks/OpenCL.framework/Versions/A/OpenCL
0x000000000ad26000 	/System/Library/Frameworks/CoreData.framework/Versions/A/CoreData
0x000000000ad26000 	/System/Library/PrivateFrameworks/RemoteViewServices.framework/Versions/A/RemoteViewServices
0x000000000ad26000 	/System/Library/Frameworks/AudioUnit.framework/Versions/A/AudioUnit
0x000000000ad26000 	/System/Library/PrivateFrameworks/DesktopServicesPriv.framework/Versions/A/DesktopServicesPriv
0x000000000ad26000 	/System/Library/Frameworks/Carbon.framework/Versions/A/Frameworks/HIToolbox.framework/Versions/A/HIToolbox
0x000000000ad26000 	/System/Library/Frameworks/Carbon.framework/Versions/A/Frameworks/SpeechRecognition.framework/Versions/A/SpeechRecognition
0x000000000ad26000 	/System/Library/PrivateFrameworks/MultitouchSupport.framework/Versions/A/MultitouchSupport
0x000000000ad26000 	/System/Library/PrivateFrameworks/PerformanceAnalysis.framework/Versions/A/PerformanceAnalysis
0x000000000ad26000 	/System/Library/PrivateFrameworks/GenerationalStorage.framework/Versions/A/GenerationalStorage
0x000000000ad26000 	/System/Library/PrivateFrameworks/Sharing.framework/Versions/A/Sharing
0x000000000ad26000 	/System/Library/PrivateFrameworks/Backup.framework/Versions/A/Backup
0x000000000ad26000 	/System/Library/Frameworks/Carbon.framework/Versions/A/Frameworks/Ink.framework/Versions/A/Ink
0x000000000ad26000 	/System/Library/PrivateFrameworks/Bom.framework/Versions/A/Bom
0x000000000ad26000 	/System/Library/PrivateFrameworks/AppleFSCompression.framework/Versions/A/AppleFSCompression
0x000000000ad26000 	/System/Library/PrivateFrameworks/Ubiquity.framework/Versions/A/Ubiquity
0x000000000ad26000 	/System/Library/PrivateFrameworks/IconServices.framework/Versions/A/IconServices
0x000000000ad26000 	/System/Library/PrivateFrameworks/ChunkingLibrary.framework/Versions/A/ChunkingLibrary
0x000000000ad26000 	/System/Library/PrivateFrameworks/Symbolication.framework/Versions/A/Symbolication
0x000000000ad26000 	/System/Library/PrivateFrameworks/DebugSymbols.framework/Versions/A/DebugSymbols
0x0000000111574000 	/System/Library/PrivateFrameworks/JavaLaunching.framework/Versions/A/JavaLaunching
0x000000000ad26000 	/System/Library/Frameworks/Carbon.framework/Versions/A/Frameworks/CommonPanels.framework/Versions/A/CommonPanels
0x000000000ad26000 	/System/Library/Frameworks/Carbon.framework/Versions/A/Frameworks/Help.framework/Versions/A/Help
0x000000000ad26000 	/System/Library/Frameworks/Carbon.framework/Versions/A/Frameworks/ImageCapture.framework/Versions/A/ImageCapture
0x000000000ad26000 	/System/Library/Frameworks/Carbon.framework/Versions/A/Frameworks/OpenScripting.framework/Versions/A/OpenScripting
0x000000000ad26000 	/System/Library/Frameworks/Carbon.framework/Versions/A/Frameworks/Print.framework/Versions/A/Print
0x000000000ad26000 	/System/Library/Frameworks/Carbon.framework/Versions/A/Frameworks/SecurityHI.framework/Versions/A/SecurityHI

VM Arguments:
java_command: <unknown>
Launcher Type: generic

Environment Variables:
JAVA_HOME=/Library/Java/JavaVirtualMachines/jdk1.7.0_51.jdk/Contents/Home
PATH=/Users/sijiewang/android-sdks/platform-tools:/Users/sijiewang/bin:/opt/local/bin:/opt/local/sbin:/usr/bin:/bin:/usr/sbin:/sbin:/usr/local/bin:/opt/X11/bin:/Library/Java/JavaVirtualMachines/jdk1.7.0_51.jdk/Contents/Home
SHELL=/bin/bash
DISPLAY=/tmp/launch-f8IppS/org.macosforge.xquartz:0

Signal Handlers:
SIGSEGV: [libjvm.dylib+0x525425], sa_mask[0]=0xfffefeff, sa_flags=0x00000043
SIGBUS: [libjvm.dylib+0x525425], sa_mask[0]=0xfffefeff, sa_flags=0x00000042
SIGFPE: [libjvm.dylib+0x41892a], sa_mask[0]=0xfffefeff, sa_flags=0x00000042
SIGPIPE: [libjvm.dylib+0x41892a], sa_mask[0]=0xfffefeff, sa_flags=0x00000042
SIGXFSZ: [libjvm.dylib+0x41892a], sa_mask[0]=0xfffefeff, sa_flags=0x00000042
SIGILL: [libjvm.dylib+0x41892a], sa_mask[0]=0xfffefeff, sa_flags=0x00000042
SIGUSR1: SIG_DFL, sa_mask[0]=0x63807efb, sa_flags=0x00000000
SIGUSR2: [libjvm.dylib+0x41841c], sa_mask[0]=0x00000000, sa_flags=0x00000042
SIGHUP: [libjvm.dylib+0x4166ab], sa_mask[0]=0xfffefeff, sa_flags=0x00000042
SIGINT: [libjvm.dylib+0x4166ab], sa_mask[0]=0xfffefeff, sa_flags=0x00000042
SIGTERM: [libjvm.dylib+0x4166ab], sa_mask[0]=0xfffefeff, sa_flags=0x00000042
SIGQUIT: [libjvm.dylib+0x4166ab], sa_mask[0]=0xfffefeff, sa_flags=0x00000042


---------------  S Y S T E M  ---------------

OS:Bsduname:Darwin 13.1.0 Darwin Kernel Version 13.1.0: Thu Jan 16 19:40:37 PST 2014; root:xnu-2422.90.20~2/RELEASE_X86_64 x86_64
rlimit: STACK 8192k, CORE 0k, NPROC 709, NOFILE 10240, AS infinity
load average:3.02 2.02 1.83

CPU:total 2 (2 cores per cpu, 1 threads per core) family 6 model 23 stepping 10, cmov, cx8, fxsr, mmx, sse, sse2, sse3, ssse3, sse4.1, tsc

Memory: 4k page, physical 8388608k(2097152k free)

/proc/meminfo:


vm_info: Java HotSpot(TM) 64-Bit Server VM (24.51-b03) for bsd-amd64 JRE (1.7.0_51-b13), built on Dec 18 2013 18:45:56 by "java_re" with gcc 4.2.1 (Based on Apple Inc. build 5658) (LLVM build 2336.11.00)

time: Mon Apr  7 13:17:32 2014
elapsed time: 0 seconds

